[debug] [2023-10-19T04:50:27.261Z] ----------------------------------------------------------------------
[debug] [2023-10-19T04:50:27.264Z] Command:       C:\Program Files\nodejs\node.exe C:\Users\roman\AppData\Roaming\npm\node_modules\firebase-tools\lib\bin\firebase.js serve --only hosting
[debug] [2023-10-19T04:50:27.264Z] CLI Version:   12.7.0
[debug] [2023-10-19T04:50:27.264Z] Platform:      win32
[debug] [2023-10-19T04:50:27.264Z] Node Version:  v18.18.0
[debug] [2023-10-19T04:50:27.265Z] Time:          Thu Oct 19 2023 07:50:27 GMT+0300 (Eastern European Summer Time)
[debug] [2023-10-19T04:50:27.265Z] ----------------------------------------------------------------------
[debug] 
[debug] [2023-10-19T04:50:27.384Z] > command requires scopes: ["email","openid","https://www.googleapis.com/auth/cloudplatformprojects.readonly","https://www.googleapis.com/auth/firebase","https://www.googleapis.com/auth/cloud-platform"]
[debug] [2023-10-19T04:50:27.384Z] > authorizing via signed-in user (romanymaher789@gmail.com)
[debug] [2023-10-19T04:50:27.384Z] [iam] checking project elated-bison-386001 for permissions ["firebase.projects.get"]
[debug] [2023-10-19T04:50:27.386Z] >>> [apiv2][query] POST https://cloudresourcemanager.googleapis.com/v1/projects/elated-bison-386001:testIamPermissions [none]
[debug] [2023-10-19T04:50:27.386Z] >>> [apiv2][(partial)header] POST https://cloudresourcemanager.googleapis.com/v1/projects/elated-bison-386001:testIamPermissions x-goog-quota-user=projects/elated-bison-386001
[debug] [2023-10-19T04:50:27.386Z] >>> [apiv2][body] POST https://cloudresourcemanager.googleapis.com/v1/projects/elated-bison-386001:testIamPermissions {"permissions":["firebase.projects.get"]}
[debug] [2023-10-19T04:50:28.241Z] <<< [apiv2][status] POST https://cloudresourcemanager.googleapis.com/v1/projects/elated-bison-386001:testIamPermissions 200
[debug] [2023-10-19T04:50:28.242Z] <<< [apiv2][body] POST https://cloudresourcemanager.googleapis.com/v1/projects/elated-bison-386001:testIamPermissions {"permissions":["firebase.projects.get"]}
[debug] [2023-10-19T04:50:28.243Z] >>> [apiv2][query] GET https://firebase.googleapis.com/v1beta1/projects/elated-bison-386001 [none]
[debug] [2023-10-19T04:50:28.655Z] <<< [apiv2][status] GET https://firebase.googleapis.com/v1beta1/projects/elated-bison-386001 200
[debug] [2023-10-19T04:50:28.655Z] <<< [apiv2][body] GET https://firebase.googleapis.com/v1beta1/projects/elated-bison-386001 {"projectId":"elated-bison-386001","projectNumber":"774419351845","displayName":"My First Project","name":"projects/elated-bison-386001","resources":{"hostingSite":"elated-bison-386001"},"state":"ACTIVE","etag":"1_d2798e21-8d52-4329-a39c-bac1b6d5d43b"}
[debug] [2023-10-19T04:50:28.658Z] >>> [apiv2][query] GET https://firebasehosting.googleapis.com/v1beta1/projects/elated-bison-386001/sites 
[debug] [2023-10-19T04:50:29.804Z] <<< [apiv2][status] GET https://firebasehosting.googleapis.com/v1beta1/projects/elated-bison-386001/sites 200
[debug] [2023-10-19T04:50:29.804Z] <<< [apiv2][body] GET https://firebasehosting.googleapis.com/v1beta1/projects/elated-bison-386001/sites {"sites":[{"name":"projects/elated-bison-386001/sites/elated-bison-386001","defaultUrl":"https://elated-bison-386001.web.app","appId":"1:774419351845:web:f1e0afc115b3c0bca3f2cc","type":"DEFAULT_SITE"}]}
[debug] [2023-10-19T04:50:29.804Z] >>> [apiv2][query] GET https://firebase.googleapis.com/v1beta1/projects/elated-bison-386001/webApps/1:774419351845:web:f1e0afc115b3c0bca3f2cc/config [none]
[debug] [2023-10-19T04:50:30.664Z] <<< [apiv2][status] GET https://firebase.googleapis.com/v1beta1/projects/elated-bison-386001/webApps/1:774419351845:web:f1e0afc115b3c0bca3f2cc/config 200
[debug] [2023-10-19T04:50:30.665Z] <<< [apiv2][body] GET https://firebase.googleapis.com/v1beta1/projects/elated-bison-386001/webApps/1:774419351845:web:f1e0afc115b3c0bca3f2cc/config {"projectId":"elated-bison-386001","appId":"1:774419351845:web:f1e0afc115b3c0bca3f2cc","storageBucket":"elated-bison-386001.appspot.com","apiKey":"AIzaSyAS4SrTstuRIEa0gS7A_3ckiBdcXxX1QyM","authDomain":"elated-bison-386001.firebaseapp.com","messagingSenderId":"774419351845","measurementId":"G-9LC6RL2G3S"}
[debug] [2023-10-19T04:50:30.670Z] >>> [apiv2][query] GET https://firebase.googleapis.com/v1beta1/projects/elated-bison-386001 [none]
[debug] [2023-10-19T04:50:31.069Z] <<< [apiv2][status] GET https://firebase.googleapis.com/v1beta1/projects/elated-bison-386001 200
[debug] [2023-10-19T04:50:31.069Z] <<< [apiv2][body] GET https://firebase.googleapis.com/v1beta1/projects/elated-bison-386001 {"projectId":"elated-bison-386001","projectNumber":"774419351845","displayName":"My First Project","name":"projects/elated-bison-386001","resources":{"hostingSite":"elated-bison-386001"},"state":"ACTIVE","etag":"1_d2798e21-8d52-4329-a39c-bac1b6d5d43b"}
[debug] [2023-10-19T04:50:31.070Z] Specified "public" directory "dist" does not exist; Deploy to Hosting site "elated-bison-386001" may fail or be empty.
[info] i  hosting[elated-bison-386001]: Serving hosting files from: dist {"metadata":{"emulator":{"name":"hosting"},"message":"Serving hosting files from: \u001b[1mdist\u001b[22m"}}
[info] +  hosting[elated-bison-386001]: Local server: http://localhost:5000 {"metadata":{"emulator":{"name":"hosting"},"message":"Local server: \u001b[4m\u001b[1mhttp://localhost:5000\u001b[22m\u001b[24m"}}
[info] i  hosting: ::1 - - [19/Oct/2023:04:50:35 +0000] "GET / HTTP/1.1" 404 139 "-" "Mozilla/5.0 (Windows NT 10.0; Win64; x64) AppleWebKit/537.36 (KHTML, like Gecko) Chrome/118.0.0.0 Safari/537.36 Edg/118.0.2088.46" {"metadata":{"emulator":{"name":"hosting"},"message":"::1 - - [19/Oct/2023:04:50:35 +0000] \"GET / HTTP/1.1\" 404 139 \"-\" \"Mozilla/5.0 (Windows NT 10.0; Win64; x64) AppleWebKit/537.36 (KHTML, like Gecko) Chrome/118.0.0.0 Safari/537.36 Edg/118.0.2088.46\""}}
